==> production.log <==


Started GET "/projects/1/studies/2/edit" for 160.109.101.158 at 2010-12-03 12:57:04 -0800
  Processing by StudiesController#edit as HTML
  Parameters: {"project_id"=>"1", "id"=>"2"}
Completed   in 155ms

NoMethodError (undefined method `empty?' for #<PGresult:0x00000003aaf098>):
  app/models/study.rb:78:in `get_questions_addressed'
  app/models/study.rb:107:in `get_addressed_ids'
  app/controllers/studies_controller.rb:305:in `edit'



Started GET "/projects/1/" for 160.109.101.158 at 2010-12-03 12:57:08 -0800
  Processing by ProjectsController#show as HTML
  Parameters: {"id"=>"1"}
Rendered key_questions/_completed_table.html.erb (0.4ms)
Rendered studies/_completed_table.html.erb (24.0ms)
Rendered search/_form.html.erb (0.7ms)
Rendered layouts/_login.html.erb (1.8ms)
Rendered layouts/_navbar.html.erb (0.7ms)
Rendered layouts/_header.html.erb (1.7ms)
Rendered inline template (0.2ms)
Rendered layouts/_breadcrumbs.html.erb (3.1ms)
Rendered projects/show.html.erb within layouts/application (37.7ms)
Completed 200 OK in 102ms (Views: 26.7ms | ActiveRecord: 106.8ms)


Started GET "/stylesheets/all.css" for 160.109.101.158 at 2010-12-03 12:57:08 -0800

ActionController::RoutingError (No route matches "/stylesheets/all.css"):
  



Started GET "/projects/1/edit" for 160.109.101.158 at 2010-12-03 12:57:18 -0800
  Processing by ProjectsController#edit as HTML
  Parameters: {"id"=>"1"}
Rendered projects/_form.html.erb (2.3ms)
Rendered key_questions/_table.html.erb (1.5ms)
Rendered key_questions/_new_kq_form.html.erb (1.4ms)
Rendered key_questions/_new_kq.html.erb (5.0ms)
Rendered projects/_newproj.html.erb (9.9ms)
Rendered search/_form.html.erb (0.3ms)
Rendered layouts/_login.html.erb (0.5ms)
Rendered layouts/_navbar.html.erb (0.5ms)
Rendered layouts/_header.html.erb (0.7ms)
Rendered inline template (0.4ms)
Rendered layouts/_breadcrumbs.html.erb (83.1ms)
Rendered projects/edit.html.erb within layouts/application (96.5ms)
Completed 200 OK in 104ms (Views: 16.6ms | ActiveRecord: 86.2ms)


Started GET "/stylesheets/all.css" for 160.109.101.158 at 2010-12-03 12:57:19 -0800

ActionController::RoutingError (No route matches "/stylesheets/all.css"):
  



Started GET "/projects/1/studies" for 160.109.101.158 at 2010-12-03 12:57:31 -0800
  Processing by StudiesController#index as HTML
  Parameters: {"project_id"=>"1"}
Rendered search/_form.html.erb (0.4ms)
Rendered layouts/_login.html.erb (0.6ms)
Rendered layouts/_navbar.html.erb (0.4ms)
Rendered layouts/_header.html.erb (0.5ms)
Rendered inline template (0.2ms)
Rendered layouts/_breadcrumbs.html.erb (2.9ms)
Rendered studies/index.html.erb within layouts/studies (26.1ms)
Completed 200 OK in 31ms (Views: 13.3ms | ActiveRecord: 17.2ms)


Started GET "/stylesheets/all.css" for 160.109.101.158 at 2010-12-03 12:57:32 -0800

ActionController::RoutingError (No route matches "/stylesheets/all.css"):
  



Started GET "/projects/1/studies/2/edit" for 160.109.101.158 at 2010-12-03 12:57:37 -0800
  Processing by StudiesController#edit as HTML
  Parameters: {"project_id"=>"1", "id"=>"2"}
Completed   in 14ms

NoMethodError (undefined method `empty?' for #<PGresult:0x00000003b631b0>):
  app/models/study.rb:78:in `get_questions_addressed'
  app/models/study.rb:107:in `get_addressed_ids'
  app/controllers/studies_controller.rb:305:in `edit'


==> dyno-2568394.log <==
>> Thin web server (v1.2.6 codename Crazy Delicious)
>> Maximum connections set to 1024
>> Listening on 0.0.0.0:24029, CTRL+C to stop
[]["2"]
